<?xml version="1.0" encoding="UTF-8"?>
<!-- Generated by org.testng.reporters.JUnitXMLReporter -->
<testsuite ignored="4" hostname="DESKTOP-M50R0NV" failures="1" tests="3" name="EfuelTests" time="20.588" errors="0" timestamp="2023-05-01T15:24:52 IST">
  <testcase classname="com.efuelsystems.tests.TC_004" name="TC_004" time="0.027"/>
  <testcase classname="com.efuelsystems.tests.TC_005" name="TC_005" time="0.002">
    <failure type="java.lang.AssertionError" message="expected [true] but found [false]">
      <![CDATA[java.lang.AssertionError: expected [true] but found [false]
at com.efuelsystems.tests.TC_005.TC_005(TC_005.java:105)
at java.base/java.util.ArrayList.forEach(ArrayList.java:1511)
... Removed 33 stack frames]]>
    </failure>
  </testcase> <!-- TC_005 -->
  <testcase classname="com.efuelsystems.tests.TC_006" name="TC_006" time="0.002"/>
  <testcase classname="com.efuelsystems.tests.BaseDriverUtil" name="@BeforeSuite beforeSuite" time="0.0">
    <ignored/>
  </testcase> <!-- @BeforeSuite beforeSuite -->
  <testcase classname="com.efuelsystems.tests.BaseDriverUtil" name="@BeforeSuite beforeSuite" time="0.0">
    <ignored/>
  </testcase> <!-- @BeforeSuite beforeSuite -->
  <testcase classname="com.efuelsystems.tests.BaseDriverUtil" name="@AfterSuite afterSuite" time="0.0">
    <ignored/>
  </testcase> <!-- @AfterSuite afterSuite -->
  <testcase classname="com.efuelsystems.tests.BaseDriverUtil" name="@AfterSuite afterSuite" time="0.0">
    <ignored/>
  </testcase> <!-- @AfterSuite afterSuite -->
</testsuite> <!-- EfuelTests -->
